Command line:
   Sumador4Bits_isim_beh.exe
     -simmode  gui
     -simrunnum  0
     -socket  50520

Thu Sep 19 19:38:02 2019


 Elaboration Time: 0.03125 sec

 Current Memory Usage: 5173.32 Meg

 Total Signals          : 38
 Total Nets             : 18
 Total Signal Drivers   : 8
 Total Blocks           : 6
 Total Primitive Blocks : 5
 Total Processes        : 8
 Total Traceable Variables  : 8
 Total Scalar Nets and Variables : 378
Total Line Count : 8

 Total Simulation Time: 0.203125 sec

 Current Memory Usage: 5173.32 Meg

Thu Sep 19 19:40:03 2019

