Running: C:\Xilinx\14.7\ISE_DS\ISE\bin\nt64\unwrapped\fuse.exe -intstyle ise -incremental -o C:/Users/Juan Camilo/Documents/UMNG/Digitales/SistemasDigitales/Sumador/Sumador/SumadorTest_isim_beh.exe -prj C:/Users/Juan Camilo/Documents/UMNG/Digitales/SistemasDigitales/Sumador/Sumador/SumadorTest_beh.prj work.SumadorTest 
ISim P.20131013 (signature 0x7708f090)
Number of CPUs detected in this system: 2
Turning on mult-threading, number of parallel sub-compilation jobs: 4 
Determining compilation order of HDL files
Parsing VHDL file "C:/Users/Juan Camilo/Documents/UMNG/Digitales/SistemasDigitales/Sumador/Sumador/Sumador.vhd" into library work
Parsing VHDL file "C:/Users/Juan Camilo/Documents/UMNG/Digitales/SistemasDigitales/Sumador/Sumador/Sumador4Bits.vhd" into library work
Parsing VHDL file "C:/Users/Juan Camilo/Documents/UMNG/Digitales/SistemasDigitales/Sumador/Sumador/SumadorTest.vhd" into library work
Starting static elaboration
Completed static elaboration
Compiling package standard
Compiling package std_logic_1164
Compiling architecture behavioral of entity Sumador [sumador_default]
Compiling architecture behavioral of entity Sumador4Bits [sumador4bits_default]
Compiling architecture behavior of entity sumadortest
Time Resolution for simulation is 1ps.
Waiting for 1 sub-compilation(s) to finish...
WARNING:Simulator - Unable to copy libPortabilityNOSH.dll to the simulation executable directory: boost::filesystem::copy_file: El sistema no puede encontrar la ruta especificada, "isim\SumadorTest_isim_beh.exe.sim\libPortability.dll".
Compiled 7 VHDL Units
Built simulation executable C:/Users/Juan Camilo/Documents/UMNG/Digitales/SistemasDigitales/Sumador/Sumador/SumadorTest_isim_beh.exe
Fuse Memory Usage: 29388 KB
Fuse CPU Usage: 624 ms
